<?xml version="1.0" encoding="UTF-8"?>
<!-- Generated by org.testng.reporters.JUnitReportReporter -->
<testsuite hostname="LAPTOP-G84ET01R" failures="0" tests="2" name="org.Pojo.postReqUsingPOJO" time="5.057" errors="0" timestamp="2024-05-17T00:22:02 IST" skipped="0">
  <testcase classname="org.Pojo.postReqUsingPOJO" name="hashMapDelete" time="0.054"/>
  <testcase classname="org.Pojo.postReqUsingPOJO" name="postUsingPojo" time="5.003"/>
</testsuite> <!-- org.Pojo.postReqUsingPOJO -->
