<?xml version="1.0" encoding="UTF-8"?>
<!-- Generated by org.testng.reporters.JUnitReportReporter -->
<testsuite hostname="LAPTOP-G84ET01R" failures="0" tests="1" name="org.PostUsingMultipleMethods.hashMap" time="3.147" errors="0" timestamp="2024-05-17T00:21:41 IST" skipped="0">
  <testcase classname="org.PostUsingMultipleMethods.hashMap" name="hashMapDelete" time="3.147"/>
</testsuite> <!-- org.PostUsingMultipleMethods.hashMap -->
