<?xml version="1.0" encoding="UTF-8"?>
<!-- Generated by org.testng.reporters.JUnitReportReporter -->
<testsuite hostname="LAPTOP-G84ET01R" failures="0" tests="1" name="org.PostUsingMultipleMethods.postReqUsingJsonLib" time="4.387" errors="0" timestamp="2024-05-16T23:55:15 IST" skipped="0">
  <testcase classname="org.PostUsingMultipleMethods.postReqUsingJsonLib" name="postUsingJsonLib" time="4.387"/>
</testsuite> <!-- org.PostUsingMultipleMethods.postReqUsingJsonLib -->
