<?xml version="1.0" encoding="UTF-8"?>
<!-- Generated by org.testng.reporters.JUnitReportReporter -->
<testsuite hostname="LAPTOP-G84ET01R" failures="0" tests="4" name="org.httpRequests.httpsRequests" time="6.405" errors="0" timestamp="2024-05-16T22:37:02 IST" skipped="0">
  <testcase classname="org.httpRequests.httpsRequests" name="createUser" time="5.007"/>
  <testcase classname="org.httpRequests.httpsRequests" name="UpdateUser" time="0.575"/>
  <testcase classname="org.httpRequests.httpsRequests" name="deleteUser" time="0.497"/>
  <testcase classname="org.httpRequests.httpsRequests" name="getusers" time="0.326"/>
</testsuite> <!-- org.httpRequests.httpsRequests -->
